This file contains any messages produced by compilers while
running configure, to aid debugging if configure makes a mistake.

It was created by libnftnl configure 1.2.6, which was
generated by GNU Autoconf 2.69.  Invocation command line was

  $ ./configure --prefix=/home/jacob/cyber/output --enable-static --disable-shared LIBMNL_CFLAGS=-I/home/jacob/cyber/output/include LIBMNL_LIBS=-L/home/jacob/cyber/output/lib -lmnl

## --------- ##
## Platform. ##
## --------- ##

hostname = chaoscore-sandbox
uname -m = x86_64
uname -r = 6.18.12+kali-amd64
uname -s = Linux
uname -v = #1 SMP PREEMPT_DYNAMIC Kali 6.18.12-1kali1 (2026-02-25)

/usr/bin/uname -p = unknown
/bin/uname -X     = unknown

/bin/arch              = x86_64
/usr/bin/arch -k       = unknown
/usr/convex/getsysinfo = unknown
/usr/bin/hostinfo      = unknown
/bin/machine           = unknown
/usr/bin/oslevel       = unknown
/bin/universe          = unknown

PATH: /usr/local/sbin
PATH: /usr/local/bin
PATH: /usr/sbin
PATH: /usr/bin
PATH: /sbin
PATH: /bin


## ----------- ##
## Core tests. ##
## ----------- ##

configure:2184: checking build system type
configure:2198: result: x86_64-pc-linux-gnu
configure:2218: checking host system type
configure:2231: result: x86_64-pc-linux-gnu
configure:2305: checking for gcc
configure:2321: found /usr/bin/gcc
configure:2332: result: gcc
configure:2561: checking for C compiler version
configure:2570: gcc --version >&5
gcc (Debian 15.2.0-16) 15.2.0
Copyright (C) 2025 Free Software Foundation, Inc.
This is free software; see the source for copying conditions.  There is NO
warranty; not even for MERCHANTABILITY or FITNESS FOR A PARTICULAR PURPOSE.

configure:2581: $? = 0
configure:2570: gcc -v >&5
Using built-in specs.
COLLECT_GCC=gcc
COLLECT_LTO_WRAPPER=/usr/libexec/gcc/x86_64-linux-gnu/15/lto-wrapper
OFFLOAD_TARGET_NAMES=nvptx-none:amdgcn-amdhsa
OFFLOAD_TARGET_DEFAULT=1
Target: x86_64-linux-gnu
Configured with: ../src/configure -v --with-pkgversion='Debian 15.2.0-16' --with-bugurl=file:///usr/share/doc/gcc-15/README.Bugs --enable-languages=c,ada,c++,go,d,fortran,objc,obj-c++,m2,rust,cobol,algol68 --prefix=/usr --with-gcc-major-version-only --program-suffix=-15 --program-prefix=x86_64-linux-gnu- --enable-shared --enable-linker-build-id --libexecdir=/usr/libexec --without-included-gettext --enable-threads=posix --libdir=/usr/lib --enable-nls --enable-bootstrap --enable-clocale=gnu --enable-libstdcxx-debug --enable-libstdcxx-time=yes --with-default-libstdcxx-abi=new --enable-libstdcxx-backtrace --enable-gnu-unique-object --disable-vtable-verify --enable-plugin --enable-default-pie --with-system-zlib --enable-libphobos-checking=release --with-target-system-zlib=auto --enable-objc-gc=auto --enable-multiarch --disable-werror --enable-cet --with-arch-32=i686 --with-abi=m64 --with-multilib-list=m32,m64,mx32 --enable-multilib --with-tune=generic --enable-offload-targets=nvptx-none=/build/reproducible-path/gcc-15-15.2.0/debian/tmp-nvptx/usr,amdgcn-amdhsa=/build/reproducible-path/gcc-15-15.2.0/debian/tmp-gcn/usr --enable-offload-defaulted --without-cuda-driver --enable-checking=release --build=x86_64-linux-gnu --host=x86_64-linux-gnu --target=x86_64-linux-gnu --with-build-config=bootstrap-lto-lean --enable-link-serialization=3
Thread model: posix
Supported LTO compression algorithms: zlib zstd
gcc version 15.2.0 (Debian 15.2.0-16) 
... rest of stderr output deleted ...
configure:2581: $? = 0
configure:2570: gcc -V >&5
gcc: error: unrecognized command-line option '-V'
gcc: fatal error: no input files
compilation terminated.
configure:2581: $? = 1
configure:2570: gcc -qversion >&5
gcc: error: unrecognized command-line option '-qversion'; did you mean '--version'?
gcc: fatal error: no input files
compilation terminated.
configure:2581: $? = 1
configure:2601: checking whether the C compiler works
configure:2623: gcc -Os -I/home/jacob/cyber/output/include -I/home/jacob/cyber/output/include -L/home/jacob/cyber/output/lib conftest.c  >&5
configure:2627: $? = 0
configure:2675: result: yes
configure:2678: checking for C compiler default output file name
configure:2680: result: a.out
configure:2686: checking for suffix of executables
configure:2693: gcc -o conftest -Os -I/home/jacob/cyber/output/include -I/home/jacob/cyber/output/include -L/home/jacob/cyber/output/lib conftest.c  >&5
configure:2697: $? = 0
configure:2719: result: 
configure:2741: checking whether we are cross compiling
configure:2749: gcc -o conftest -Os -I/home/jacob/cyber/output/include -I/home/jacob/cyber/output/include -L/home/jacob/cyber/output/lib conftest.c  >&5
configure:2753: $? = 0
configure:2760: ./conftest
configure:2764: $? = 0
configure:2779: result: no
configure:2784: checking for suffix of object files
configure:2806: gcc -c -Os -I/home/jacob/cyber/output/include -I/home/jacob/cyber/output/include conftest.c >&5
configure:2810: $? = 0
configure:2831: result: o
configure:2835: checking whether we are using the GNU C compiler
configure:2854: gcc -c -Os -I/home/jacob/cyber/output/include -I/home/jacob/cyber/output/include conftest.c >&5
configure:2854: $? = 0
configure:2863: result: yes
configure:2872: checking whether gcc accepts -g
configure:2892: gcc -c -g -I/home/jacob/cyber/output/include conftest.c >&5
configure:2892: $? = 0
configure:2933: result: yes
configure:2950: checking for gcc option to accept ISO C89
configure:3013: gcc  -c -Os -I/home/jacob/cyber/output/include -I/home/jacob/cyber/output/include conftest.c >&5
conftest.c: In function 'e':
conftest.c:15:14: warning: old-style function definition [-Wold-style-definition]
   15 | static char *e (p, i)
      |              ^
configure:3013: $? = 0
configure:3026: result: none needed
configure:3051: checking whether gcc understands -c and -o together
configure:3073: gcc -c conftest.c -o conftest2.o
configure:3076: $? = 0
configure:3073: gcc -c conftest.c -o conftest2.o
configure:3076: $? = 0
configure:3088: result: yes
configure:3155: checking for ar
configure:3171: found /usr/bin/ar
configure:3182: result: ar
configure:3208: checking the archiver (ar) interface
configure:3224: gcc -c -Os -I/home/jacob/cyber/output/include -I/home/jacob/cyber/output/include conftest.c >&5
configure:3224: $? = 0
configure:3226: ar cru libconftest.a conftest.o >&5
ar: `u' modifier ignored since `D' is the default (see `U')
configure:3229: $? = 0
configure:3257: result: ar
configure:3294: checking for a BSD-compatible install
configure:3362: result: /usr/bin/install -c
configure:3373: checking whether build environment is sane
configure:3428: result: yes
configure:3571: checking for a thread-safe mkdir -p
configure:3610: result: /usr/bin/mkdir -p
configure:3617: checking for gawk
configure:3633: found /usr/bin/gawk
configure:3644: result: gawk
configure:3655: checking whether make sets $(MAKE)
configure:3677: result: yes
configure:3699: checking whether make supports the include directive
configure:3714: make -f confmf.GNU && cat confinc.out
this is the am__doit target
configure:3717: $? = 0
configure:3736: result: yes (GNU style)
configure:3769: checking whether make supports nested variables
configure:3786: result: yes
configure:3865: checking how to create a pax tar archive
configure:3876: tar --version
tar (GNU tar) 1.35
Copyright (C) 2023 Free Software Foundation, Inc.
License GPLv3+: GNU GPL version 3 or later <https://gnu.org/licenses/gpl.html>.
This is free software: you are free to change and redistribute it.
There is NO WARRANTY, to the extent permitted by law.

Written by John Gilmore and Jay Fenlason.
configure:3879: $? = 0
configure:3919: tardir=conftest.dir && eval tar --format=posix -chf - "$tardir" >conftest.tar
configure:3922: $? = 0
configure:3926: tar -xf - <conftest.tar
configure:3929: $? = 0
configure:3931: cat conftest.dir/file
GrepMe
configure:3934: $? = 0
configure:3947: result: gnutar
configure:3956: checking dependency style of gcc
configure:4067: result: gcc3
configure:4137: checking whether make supports nested variables
configure:4154: result: yes
configure:4220: checking for pkg-config
configure:4238: found /usr/bin/pkg-config
configure:4250: result: /usr/bin/pkg-config
configure:4275: checking pkg-config is at least version 0.9.0
configure:4278: result: yes
configure:4288: checking for libmnl >= 1.0.4
configure:4373: result: yes
configure:4425: checking for gcc
configure:4452: result: gcc
configure:4681: checking for C compiler version
configure:4690: gcc --version >&5
gcc (Debian 15.2.0-16) 15.2.0
Copyright (C) 2025 Free Software Foundation, Inc.
This is free software; see the source for copying conditions.  There is NO
warranty; not even for MERCHANTABILITY or FITNESS FOR A PARTICULAR PURPOSE.

configure:4701: $? = 0
configure:4690: gcc -v >&5
Using built-in specs.
COLLECT_GCC=gcc
COLLECT_LTO_WRAPPER=/usr/libexec/gcc/x86_64-linux-gnu/15/lto-wrapper
OFFLOAD_TARGET_NAMES=nvptx-none:amdgcn-amdhsa
OFFLOAD_TARGET_DEFAULT=1
Target: x86_64-linux-gnu
Configured with: ../src/configure -v --with-pkgversion='Debian 15.2.0-16' --with-bugurl=file:///usr/share/doc/gcc-15/README.Bugs --enable-languages=c,ada,c++,go,d,fortran,objc,obj-c++,m2,rust,cobol,algol68 --prefix=/usr --with-gcc-major-version-only --program-suffix=-15 --program-prefix=x86_64-linux-gnu- --enable-shared --enable-linker-build-id --libexecdir=/usr/libexec --without-included-gettext --enable-threads=posix --libdir=/usr/lib --enable-nls --enable-bootstrap --enable-clocale=gnu --enable-libstdcxx-debug --enable-libstdcxx-time=yes --with-default-libstdcxx-abi=new --enable-libstdcxx-backtrace --enable-gnu-unique-object --disable-vtable-verify --enable-plugin --enable-default-pie --with-system-zlib --enable-libphobos-checking=release --with-target-system-zlib=auto --enable-objc-gc=auto --enable-multiarch --disable-werror --enable-cet --with-arch-32=i686 --with-abi=m64 --with-multilib-list=m32,m64,mx32 --enable-multilib --with-tune=generic --enable-offload-targets=nvptx-none=/build/reproducible-path/gcc-15-15.2.0/debian/tmp-nvptx/usr,amdgcn-amdhsa=/build/reproducible-path/gcc-15-15.2.0/debian/tmp-gcn/usr --enable-offload-defaulted --without-cuda-driver --enable-checking=release --build=x86_64-linux-gnu --host=x86_64-linux-gnu --target=x86_64-linux-gnu --with-build-config=bootstrap-lto-lean --enable-link-serialization=3
Thread model: posix
Supported LTO compression algorithms: zlib zstd
gcc version 15.2.0 (Debian 15.2.0-16) 
... rest of stderr output deleted ...
configure:4701: $? = 0
configure:4690: gcc -V >&5
gcc: error: unrecognized command-line option '-V'
gcc: fatal error: no input files
compilation terminated.
configure:4701: $? = 1
configure:4690: gcc -qversion >&5
gcc: error: unrecognized command-line option '-qversion'; did you mean '--version'?
gcc: fatal error: no input files
compilation terminated.
configure:4701: $? = 1
configure:4705: checking whether we are using the GNU C compiler
configure:4733: result: yes
configure:4742: checking whether gcc accepts -g
configure:4803: result: yes
configure:4820: checking for gcc option to accept ISO C89
configure:4896: result: none needed
configure:4921: checking whether gcc understands -c and -o together
configure:4958: result: yes
configure:5054: checking how to print strings
configure:5081: result: printf
configure:5102: checking for a sed that does not truncate output
configure:5166: result: /usr/bin/sed
configure:5184: checking for grep that handles long lines and -e
configure:5242: result: /usr/bin/grep
configure:5247: checking for egrep
configure:5309: result: /usr/bin/grep -E
configure:5314: checking for fgrep
configure:5376: result: /usr/bin/grep -F
configure:5411: checking for ld used by gcc
configure:5478: result: /usr/bin/x86_64-linux-gnu-ld
configure:5485: checking if the linker (/usr/bin/x86_64-linux-gnu-ld) is GNU ld
configure:5500: result: yes
configure:5512: checking for BSD- or MS-compatible name lister (nm)
configure:5566: result: /usr/bin/nm -B
configure:5696: checking the name lister (/usr/bin/nm -B) interface
configure:5703: gcc -c -Os -I/home/jacob/cyber/output/include -I/home/jacob/cyber/output/include conftest.c >&5
configure:5706: /usr/bin/nm -B "conftest.o"
configure:5709: output
0000000000000000 B some_variable
configure:5716: result: BSD nm
configure:5719: checking whether ln -s works
configure:5723: result: yes
configure:5731: checking the maximum length of command line arguments
configure:5862: result: 1572864
configure:5910: checking how to convert x86_64-pc-linux-gnu file names to x86_64-pc-linux-gnu format
configure:5950: result: func_convert_file_noop
configure:5957: checking how to convert x86_64-pc-linux-gnu file names to toolchain format
configure:5977: result: func_convert_file_noop
configure:5984: checking for /usr/bin/x86_64-linux-gnu-ld option to reload object files
configure:5991: result: -r
configure:6065: checking for objdump
configure:6081: found /usr/bin/objdump
configure:6092: result: objdump
configure:6124: checking how to recognize dependent libraries
configure:6324: result: pass_all
configure:6409: checking for dlltool
configure:6439: result: no
configure:6469: checking how to associate runtime and link libraries
configure:6496: result: printf %s\n
configure:6620: checking for archiver @FILE support
configure:6637: gcc -c -Os -I/home/jacob/cyber/output/include -I/home/jacob/cyber/output/include conftest.c >&5
configure:6637: $? = 0
configure:6640: ar cr libconftest.a @conftest.lst >&5
configure:6643: $? = 0
configure:6648: ar cr libconftest.a @conftest.lst >&5
ar: conftest.o: No such file or directory
configure:6651: $? = 1
configure:6663: result: @
configure:6721: checking for strip
configure:6737: found /usr/bin/strip
configure:6748: result: strip
configure:6820: checking for ranlib
configure:6836: found /usr/bin/ranlib
configure:6847: result: ranlib
configure:6949: checking command to parse /usr/bin/nm -B output from gcc object
configure:7102: gcc -c -Os -I/home/jacob/cyber/output/include -I/home/jacob/cyber/output/include conftest.c >&5
configure:7105: $? = 0
configure:7109: /usr/bin/nm -B conftest.o | sed -n -e 's/^.*[	 ]\([ABCDGIRSTW][ABCDGIRSTW]*\)[	 ][	 ]*\([_A-Za-z][_A-Za-z0-9]*\)$/\1 \2 \2/p' | sed '/ __gnu_lto/d' > conftest.nm
configure:7175: gcc -o conftest -Os -I/home/jacob/cyber/output/include -I/home/jacob/cyber/output/include -L/home/jacob/cyber/output/lib conftest.c conftstm.o >&5
configure:7178: $? = 0
configure:7216: result: ok
configure:7263: checking for sysroot
configure:7293: result: no
configure:7300: checking for a working dd
configure:7338: result: /usr/bin/dd
configure:7342: checking how to truncate binary pipes
configure:7357: result: /usr/bin/dd bs=4096 count=1
configure:7493: gcc -c -Os -I/home/jacob/cyber/output/include -I/home/jacob/cyber/output/include conftest.c >&5
configure:7496: $? = 0
configure:7686: checking for mt
configure:7702: found /usr/bin/mt
configure:7713: result: mt
configure:7736: checking if mt is a manifest tool
configure:7742: mt '-?'
configure:7750: result: no
configure:8427: checking how to run the C preprocessor
configure:8458: gcc -E -I/home/jacob/cyber/output/include conftest.c
configure:8458: $? = 0
configure:8472: gcc -E -I/home/jacob/cyber/output/include conftest.c
conftest.c:11:10: fatal error: ac_nonexistent.h: No such file or directory
   11 | #include <ac_nonexistent.h>
      |          ^~~~~~~~~~~~~~~~~~
compilation terminated.
configure:8472: $? = 1
configure: failed program was:
| /* confdefs.h */
| #define PACKAGE_NAME "libnftnl"
| #define PACKAGE_TARNAME "libnftnl"
| #define PACKAGE_VERSION "1.2.6"
| #define PACKAGE_STRING "libnftnl 1.2.6"
| #define PACKAGE_BUGREPORT ""
| #define PACKAGE_URL ""
| #define PACKAGE "libnftnl"
| #define VERSION "1.2.6"
| /* end confdefs.h.  */
| #include <ac_nonexistent.h>
configure:8497: result: gcc -E
configure:8517: gcc -E -I/home/jacob/cyber/output/include conftest.c
configure:8517: $? = 0
configure:8531: gcc -E -I/home/jacob/cyber/output/include conftest.c
conftest.c:11:10: fatal error: ac_nonexistent.h: No such file or directory
   11 | #include <ac_nonexistent.h>
      |          ^~~~~~~~~~~~~~~~~~
compilation terminated.
configure:8531: $? = 1
configure: failed program was:
| /* confdefs.h */
| #define PACKAGE_NAME "libnftnl"
| #define PACKAGE_TARNAME "libnftnl"
| #define PACKAGE_VERSION "1.2.6"
| #define PACKAGE_STRING "libnftnl 1.2.6"
| #define PACKAGE_BUGREPORT ""
| #define PACKAGE_URL ""
| #define PACKAGE "libnftnl"
| #define VERSION "1.2.6"
| /* end confdefs.h.  */
| #include <ac_nonexistent.h>
configure:8560: checking for ANSI C header files
configure:8580: gcc -c -Os -I/home/jacob/cyber/output/include -I/home/jacob/cyber/output/include conftest.c >&5
configure:8580: $? = 0
configure:8653: gcc -o conftest -Os -I/home/jacob/cyber/output/include -I/home/jacob/cyber/output/include -L/home/jacob/cyber/output/lib conftest.c  >&5
configure:8653: $? = 0
configure:8653: ./conftest
configure:8653: $? = 0
configure:8664: result: yes
configure:8677: checking for sys/types.h
configure:8677: gcc -c -Os -I/home/jacob/cyber/output/include -I/home/jacob/cyber/output/include conftest.c >&5
configure:8677: $? = 0
configure:8677: result: yes
configure:8677: checking for sys/stat.h
configure:8677: gcc -c -Os -I/home/jacob/cyber/output/include -I/home/jacob/cyber/output/include conftest.c >&5
configure:8677: $? = 0
configure:8677: result: yes
configure:8677: checking for stdlib.h
configure:8677: gcc -c -Os -I/home/jacob/cyber/output/include -I/home/jacob/cyber/output/include conftest.c >&5
configure:8677: $? = 0
configure:8677: result: yes
configure:8677: checking for string.h
configure:8677: gcc -c -Os -I/home/jacob/cyber/output/include -I/home/jacob/cyber/output/include conftest.c >&5
configure:8677: $? = 0
configure:8677: result: yes
configure:8677: checking for memory.h
configure:8677: gcc -c -Os -I/home/jacob/cyber/output/include -I/home/jacob/cyber/output/include conftest.c >&5
configure:8677: $? = 0
configure:8677: result: yes
configure:8677: checking for strings.h
configure:8677: gcc -c -Os -I/home/jacob/cyber/output/include -I/home/jacob/cyber/output/include conftest.c >&5
configure:8677: $? = 0
configure:8677: result: yes
configure:8677: checking for inttypes.h
configure:8677: gcc -c -Os -I/home/jacob/cyber/output/include -I/home/jacob/cyber/output/include conftest.c >&5
configure:8677: $? = 0
configure:8677: result: yes
configure:8677: checking for stdint.h
configure:8677: gcc -c -Os -I/home/jacob/cyber/output/include -I/home/jacob/cyber/output/include conftest.c >&5
configure:8677: $? = 0
configure:8677: result: yes
configure:8677: checking for unistd.h
configure:8677: gcc -c -Os -I/home/jacob/cyber/output/include -I/home/jacob/cyber/output/include conftest.c >&5
configure:8677: $? = 0
configure:8677: result: yes
configure:8691: checking for dlfcn.h
configure:8691: gcc -c -Os -I/home/jacob/cyber/output/include -I/home/jacob/cyber/output/include conftest.c >&5
configure:8691: $? = 0
configure:8691: result: yes
configure:8917: checking for objdir
configure:8932: result: .libs
configure:9196: checking if gcc supports -fno-rtti -fno-exceptions
configure:9214: gcc -c -Os -I/home/jacob/cyber/output/include -I/home/jacob/cyber/output/include -fno-rtti -fno-exceptions conftest.c >&5
cc1: warning: command-line option '-fno-rtti' is valid for C++/D/ObjC++ but not for C
configure:9218: $? = 0
configure:9231: result: no
configure:9595: checking for gcc option to produce PIC
configure:9602: result: -fPIC -DPIC
configure:9610: checking if gcc PIC flag -fPIC -DPIC works
configure:9628: gcc -c -Os -I/home/jacob/cyber/output/include -I/home/jacob/cyber/output/include -fPIC -DPIC -DPIC conftest.c >&5
configure:9632: $? = 0
configure:9645: result: yes
configure:9674: checking if gcc static flag -static works
configure:9702: result: yes
configure:9717: checking if gcc supports -c -o file.o
configure:9738: gcc -c -Os -I/home/jacob/cyber/output/include -I/home/jacob/cyber/output/include -o out/conftest2.o conftest.c >&5
configure:9742: $? = 0
configure:9764: result: yes
configure:9772: checking if gcc supports -c -o file.o
configure:9819: result: yes
configure:9852: checking whether the gcc linker (/usr/bin/x86_64-linux-gnu-ld -m elf_x86_64) supports shared libraries
configure:11115: result: yes
configure:11355: checking dynamic linker characteristics
configure:11936: gcc -o conftest -Os -I/home/jacob/cyber/output/include -I/home/jacob/cyber/output/include -L/home/jacob/cyber/output/lib -Wl,-rpath -Wl,/foo conftest.c  >&5
configure:11936: $? = 0
configure:12185: result: GNU/Linux ld.so
configure:12307: checking how to hardcode library paths into programs
configure:12332: result: immediate
configure:12880: checking whether stripping libraries is possible
configure:12885: result: yes
configure:12920: checking if libtool supports shared libraries
configure:12922: result: yes
configure:12925: checking whether to build shared libraries
configure:12950: result: no
configure:12953: checking whether to build static libraries
configure:12957: result: yes
configure:13003: checking whether compiler accepts -fvisibility=hidden
configure:13012: gcc -c -Os -I/home/jacob/cyber/output/include -fvisibility=hidden -I/home/jacob/cyber/output/include conftest.c >&5
configure:13012: $? = 0
configure:13020: result: yes
configure:13160: checking that generated files are newer than configure
configure:13166: result: done
configure:13189: creating ./config.status

## ---------------------- ##
## Running config.status. ##
## ---------------------- ##

This file was extended by libnftnl config.status 1.2.6, which was
generated by GNU Autoconf 2.69.  Invocation command line was

  CONFIG_FILES    = 
  CONFIG_HEADERS  = 
  CONFIG_LINKS    = 
  CONFIG_COMMANDS = 
  $ ./config.status 

on chaoscore-sandbox

config.status:1102: creating Makefile
config.status:1102: creating src/Makefile
config.status:1102: creating include/Makefile
config.status:1102: creating include/libnftnl/Makefile
config.status:1102: creating include/linux/Makefile
config.status:1102: creating include/linux/netfilter/Makefile
config.status:1102: creating examples/Makefile
config.status:1102: creating tests/Makefile
config.status:1102: creating libnftnl.pc
config.status:1102: creating doxygen.cfg
config.status:1102: creating config.h
config.status:1331: executing depfiles commands
config.status:1406: cd src       && sed -e '/# am--include-marker/d' Makefile         | make -f - am--depfiles
config.status:1413: $? = 0
config.status:1406: cd examples       && sed -e '/# am--include-marker/d' Makefile         | make -f - am--depfiles
config.status:1413: $? = 0
config.status:1406: cd tests       && sed -e '/# am--include-marker/d' Makefile         | make -f - am--depfiles
config.status:1413: $? = 0
config.status:1331: executing libtool commands

## ---------------- ##
## Cache variables. ##
## ---------------- ##

ac_cv_build=x86_64-pc-linux-gnu
ac_cv_c_compiler_gnu=yes
ac_cv_env_CC_set=
ac_cv_env_CC_value=
ac_cv_env_CFLAGS_set=set
ac_cv_env_CFLAGS_value='-Os -I/home/jacob/cyber/output/include'
ac_cv_env_CPPFLAGS_set=set
ac_cv_env_CPPFLAGS_value=-I/home/jacob/cyber/output/include
ac_cv_env_CPP_set=
ac_cv_env_CPP_value=
ac_cv_env_LDFLAGS_set=set
ac_cv_env_LDFLAGS_value=-L/home/jacob/cyber/output/lib
ac_cv_env_LIBMNL_CFLAGS_set=set
ac_cv_env_LIBMNL_CFLAGS_value=-I/home/jacob/cyber/output/include
ac_cv_env_LIBMNL_LIBS_set=set
ac_cv_env_LIBMNL_LIBS_value='-L/home/jacob/cyber/output/lib -lmnl'
ac_cv_env_LIBS_set=
ac_cv_env_LIBS_value=
ac_cv_env_LT_SYS_LIBRARY_PATH_set=
ac_cv_env_LT_SYS_LIBRARY_PATH_value=
ac_cv_env_PKG_CONFIG_LIBDIR_set=
ac_cv_env_PKG_CONFIG_LIBDIR_value=
ac_cv_env_PKG_CONFIG_PATH_set=
ac_cv_env_PKG_CONFIG_PATH_value=
ac_cv_env_PKG_CONFIG_set=
ac_cv_env_PKG_CONFIG_value=
ac_cv_env_build_alias_set=
ac_cv_env_build_alias_value=
ac_cv_env_host_alias_set=
ac_cv_env_host_alias_value=
ac_cv_env_target_alias_set=
ac_cv_env_target_alias_value=
ac_cv_fvisibility_hidden=yes
ac_cv_header_dlfcn_h=yes
ac_cv_header_inttypes_h=yes
ac_cv_header_memory_h=yes
ac_cv_header_stdc=yes
ac_cv_header_stdint_h=yes
ac_cv_header_stdlib_h=yes
ac_cv_header_string_h=yes
ac_cv_header_strings_h=yes
ac_cv_header_sys_stat_h=yes
ac_cv_header_sys_types_h=yes
ac_cv_header_unistd_h=yes
ac_cv_host=x86_64-pc-linux-gnu
ac_cv_objext=o
ac_cv_path_EGREP='/usr/bin/grep -E'
ac_cv_path_FGREP='/usr/bin/grep -F'
ac_cv_path_GREP=/usr/bin/grep
ac_cv_path_SED=/usr/bin/sed
ac_cv_path_ac_pt_PKG_CONFIG=/usr/bin/pkg-config
ac_cv_path_install='/usr/bin/install -c'
ac_cv_path_lt_DD=/usr/bin/dd
ac_cv_path_mkdir=/usr/bin/mkdir
ac_cv_prog_AWK=gawk
ac_cv_prog_CPP='gcc -E'
ac_cv_prog_ac_ct_AR=ar
ac_cv_prog_ac_ct_CC=gcc
ac_cv_prog_ac_ct_MANIFEST_TOOL=mt
ac_cv_prog_ac_ct_OBJDUMP=objdump
ac_cv_prog_ac_ct_RANLIB=ranlib
ac_cv_prog_ac_ct_STRIP=strip
ac_cv_prog_cc_c89=
ac_cv_prog_cc_g=yes
ac_cv_prog_make_make_set=yes
am_cv_CC_dependencies_compiler_type=gcc3
am_cv_ar_interface=ar
am_cv_make_support_nested_variables=yes
am_cv_prog_cc_c_o=yes
am_cv_prog_tar_pax=gnutar
lt_cv_ar_at_file=@
lt_cv_deplibs_check_method=pass_all
lt_cv_file_magic_cmd='$MAGIC_CMD'
lt_cv_file_magic_test_file=
lt_cv_ld_reload_flag=-r
lt_cv_nm_interface='BSD nm'
lt_cv_objdir=.libs
lt_cv_path_LD=/usr/bin/x86_64-linux-gnu-ld
lt_cv_path_NM='/usr/bin/nm -B'
lt_cv_path_mainfest_tool=no
lt_cv_prog_compiler_c_o=yes
lt_cv_prog_compiler_pic='-fPIC -DPIC'
lt_cv_prog_compiler_pic_works=yes
lt_cv_prog_compiler_rtti_exceptions=no
lt_cv_prog_compiler_static_works=yes
lt_cv_prog_gnu_ld=yes
lt_cv_sharedlib_from_linklib_cmd='printf %s\n'
lt_cv_shlibpath_overrides_runpath=yes
lt_cv_sys_global_symbol_pipe='sed -n -e '\''s/^.*[	 ]\([ABCDGIRSTW][ABCDGIRSTW]*\)[	 ][	 ]*\([_A-Za-z][_A-Za-z0-9]*\)$/\1 \2 \2/p'\'' | sed '\''/ __gnu_lto/d'\'''
lt_cv_sys_global_symbol_to_c_name_address='sed -n -e '\''s/^: \(.*\) .*$/  {"\1", (void *) 0},/p'\'' -e '\''s/^[ABCDGIRSTW][ABCDGIRSTW]* .* \(.*\)$/  {"\1", (void *) \&\1},/p'\'''
lt_cv_sys_global_symbol_to_c_name_address_lib_prefix='sed -n -e '\''s/^: \(.*\) .*$/  {"\1", (void *) 0},/p'\'' -e '\''s/^[ABCDGIRSTW][ABCDGIRSTW]* .* \(lib.*\)$/  {"\1", (void *) \&\1},/p'\'' -e '\''s/^[ABCDGIRSTW][ABCDGIRSTW]* .* \(.*\)$/  {"lib\1", (void *) \&\1},/p'\'''
lt_cv_sys_global_symbol_to_cdecl='sed -n -e '\''s/^T .* \(.*\)$/extern int \1();/p'\'' -e '\''s/^[ABCDGIRSTW][ABCDGIRSTW]* .* \(.*\)$/extern char \1;/p'\'''
lt_cv_sys_global_symbol_to_import=
lt_cv_sys_max_cmd_len=1572864
lt_cv_to_host_file_cmd=func_convert_file_noop
lt_cv_to_tool_file_cmd=func_convert_file_noop
lt_cv_truncate_bin='/usr/bin/dd bs=4096 count=1'
pkg_cv_LIBMNL_CFLAGS=-I/home/jacob/cyber/output/include
pkg_cv_LIBMNL_LIBS='-L/home/jacob/cyber/output/lib -lmnl'

## ----------------- ##
## Output variables. ##
## ----------------- ##

ACLOCAL='${SHELL} '\''/home/jacob/cyber/libnftnl-1.2.6/build-aux/missing'\'' aclocal-1.16'
AMDEPBACKSLASH='\'
AMDEP_FALSE='#'
AMDEP_TRUE=''
AMTAR='$${TAR-tar}'
AM_BACKSLASH='\'
AM_DEFAULT_V='$(AM_DEFAULT_VERBOSITY)'
AM_DEFAULT_VERBOSITY='0'
AM_V='$(V)'
AR='ar'
AUTOCONF='${SHELL} '\''/home/jacob/cyber/libnftnl-1.2.6/build-aux/missing'\'' autoconf'
AUTOHEADER='${SHELL} '\''/home/jacob/cyber/libnftnl-1.2.6/build-aux/missing'\'' autoheader'
AUTOMAKE='${SHELL} '\''/home/jacob/cyber/libnftnl-1.2.6/build-aux/missing'\'' automake-1.16'
AWK='gawk'
CC='gcc'
CCDEPMODE='depmode=gcc3'
CFLAGS='-Os -I/home/jacob/cyber/output/include'
CPP='gcc -E'
CPPFLAGS='-I/home/jacob/cyber/output/include'
CYGPATH_W='echo'
DEFS='-DHAVE_CONFIG_H'
DEPDIR='.deps'
DLLTOOL='false'
DSYMUTIL=''
DUMPBIN=''
ECHO_C=''
ECHO_N='-n'
ECHO_T=''
EGREP='/usr/bin/grep -E'
EXEEXT=''
FGREP='/usr/bin/grep -F'
GCC_FVISIBILITY_HIDDEN='-fvisibility=hidden'
GREP='/usr/bin/grep'
INSTALL_DATA='${INSTALL} -m 644'
INSTALL_PROGRAM='${INSTALL}'
INSTALL_SCRIPT='${INSTALL}'
INSTALL_STRIP_PROGRAM='$(install_sh) -c -s'
LD='/usr/bin/x86_64-linux-gnu-ld -m elf_x86_64'
LDFLAGS='-L/home/jacob/cyber/output/lib'
LIBMNL_CFLAGS='-I/home/jacob/cyber/output/include'
LIBMNL_LIBS='-L/home/jacob/cyber/output/lib -lmnl'
LIBOBJS=''
LIBS=''
LIBTOOL='$(SHELL) $(top_builddir)/libtool'
LIPO=''
LN_S='ln -s'
LTLIBOBJS=''
LT_SYS_LIBRARY_PATH=''
MAKEINFO='${SHELL} '\''/home/jacob/cyber/libnftnl-1.2.6/build-aux/missing'\'' makeinfo'
MANIFEST_TOOL=':'
MKDIR_P='/usr/bin/mkdir -p'
NM='/usr/bin/nm -B'
NMEDIT=''
OBJDUMP='objdump'
OBJEXT='o'
OTOOL64=''
OTOOL=''
PACKAGE='libnftnl'
PACKAGE_BUGREPORT=''
PACKAGE_NAME='libnftnl'
PACKAGE_STRING='libnftnl 1.2.6'
PACKAGE_TARNAME='libnftnl'
PACKAGE_URL=''
PACKAGE_VERSION='1.2.6'
PATH_SEPARATOR=':'
PKG_CONFIG='/usr/bin/pkg-config'
PKG_CONFIG_LIBDIR=''
PKG_CONFIG_PATH=''
RANLIB='ranlib'
SED='/usr/bin/sed'
SET_MAKE=''
SHELL='/bin/bash'
STRIP='strip'
VERSION='1.2.6'
ac_ct_AR='ar'
ac_ct_CC='gcc'
ac_ct_DUMPBIN=''
am__EXEEXT_FALSE=''
am__EXEEXT_TRUE='#'
am__fastdepCC_FALSE='#'
am__fastdepCC_TRUE=''
am__include='include'
am__isrc=''
am__leading_dot='.'
am__nodep='_no'
am__quote=''
am__tar='tar --format=posix -chf - "$$tardir"'
am__untar='tar -xf -'
bindir='${exec_prefix}/bin'
build='x86_64-pc-linux-gnu'
build_alias=''
build_cpu='x86_64'
build_os='linux-gnu'
build_vendor='pc'
datadir='${datarootdir}'
datarootdir='${prefix}/share'
docdir='${datarootdir}/doc/${PACKAGE_TARNAME}'
dvidir='${docdir}'
exec_prefix='${prefix}'
host='x86_64-pc-linux-gnu'
host_alias=''
host_cpu='x86_64'
host_os='linux-gnu'
host_vendor='pc'
htmldir='${docdir}'
includedir='${prefix}/include'
infodir='${datarootdir}/info'
install_sh='${SHELL} /home/jacob/cyber/libnftnl-1.2.6/build-aux/install-sh'
libdir='${exec_prefix}/lib'
libexecdir='${exec_prefix}/libexec'
localedir='${datarootdir}/locale'
localstatedir='${prefix}/var'
mandir='${datarootdir}/man'
mkdir_p='$(MKDIR_P)'
oldincludedir='/usr/include'
pdfdir='${docdir}'
prefix='/home/jacob/cyber/output'
program_transform_name='s,x,x,'
psdir='${docdir}'
regular_CFLAGS='-Wall -Waggregate-return -Wmissing-declarations 	-Wmissing-prototypes -Wshadow -Wstrict-prototypes 	-Wformat=2 -Wwrite-strings -pipe'
regular_CPPFLAGS='-D_FILE_OFFSET_BITS=64 -D_REENTRANT'
runstatedir='${localstatedir}/run'
sbindir='${exec_prefix}/sbin'
sharedstatedir='${prefix}/com'
sysconfdir='${prefix}/etc'
target_alias=''

## ----------- ##
## confdefs.h. ##
## ----------- ##

/* confdefs.h */
#define PACKAGE_NAME "libnftnl"
#define PACKAGE_TARNAME "libnftnl"
#define PACKAGE_VERSION "1.2.6"
#define PACKAGE_STRING "libnftnl 1.2.6"
#define PACKAGE_BUGREPORT ""
#define PACKAGE_URL ""
#define PACKAGE "libnftnl"
#define VERSION "1.2.6"
#define STDC_HEADERS 1
#define HAVE_SYS_TYPES_H 1
#define HAVE_SYS_STAT_H 1
#define HAVE_STDLIB_H 1
#define HAVE_STRING_H 1
#define HAVE_MEMORY_H 1
#define HAVE_STRINGS_H 1
#define HAVE_INTTYPES_H 1
#define HAVE_STDINT_H 1
#define HAVE_UNISTD_H 1
#define HAVE_DLFCN_H 1
#define LT_OBJDIR ".libs/"
#define HAVE_VISIBILITY_HIDDEN 1

configure: exit 0
